\BOOKMARK [0][-]{chapter.1}{\376\377\0001\000\040\000A\000R\000M\000S\000-\000d\000o\000x\000y\000g\000e\000n\000-\000d\000o\000c\000s}{}% 1
\BOOKMARK [0][-]{chapter.2}{\376\377\0002\000\040\000N\000a\000m\000e\000s\000p\000a\000c\000e\000\040\000I\000n\000d\000e\000x}{}% 2
\BOOKMARK [1][-]{section.2.1}{\376\377\0002\000.\0001\000\040\000N\000a\000m\000e\000s\000p\000a\000c\000e\000\040\000L\000i\000s\000t}{chapter.2}% 3
\BOOKMARK [0][-]{chapter.3}{\376\377\0003\000\040\000C\000l\000a\000s\000s\000\040\000I\000n\000d\000e\000x}{}% 4
\BOOKMARK [1][-]{section.3.1}{\376\377\0003\000.\0001\000\040\000C\000l\000a\000s\000s\000\040\000L\000i\000s\000t}{chapter.3}% 5
\BOOKMARK [0][-]{chapter.4}{\376\377\0004\000\040\000F\000i\000l\000e\000\040\000I\000n\000d\000e\000x}{}% 6
\BOOKMARK [1][-]{section.4.1}{\376\377\0004\000.\0001\000\040\000F\000i\000l\000e\000\040\000L\000i\000s\000t}{chapter.4}% 7
\BOOKMARK [0][-]{chapter.5}{\376\377\0005\000\040\000N\000a\000m\000e\000s\000p\000a\000c\000e\000\040\000D\000o\000c\000u\000m\000e\000n\000t\000a\000t\000i\000o\000n}{}% 8
\BOOKMARK [1][-]{section.5.1}{\376\377\0005\000.\0001\000\040\000a\000r\000m\000s\000\040\000N\000a\000m\000e\000s\000p\000a\000c\000e\000\040\000R\000e\000f\000e\000r\000e\000n\000c\000e}{chapter.5}% 9
\BOOKMARK [2][-]{subsection.5.1.1}{\376\377\0005\000.\0001\000.\0001\000\040\000F\000u\000n\000c\000t\000i\000o\000n\000\040\000D\000o\000c\000u\000m\000e\000n\000t\000a\000t\000i\000o\000n}{section.5.1}% 10
\BOOKMARK [3][-]{subsubsection.5.1.1.1}{\376\377\0005\000.\0001\000.\0001\000.\0001\000\040\000i\000n\000i\000t\000\050\000\051}{subsection.5.1.1}% 11
\BOOKMARK [2][-]{subsection.5.1.2}{\376\377\0005\000.\0001\000.\0002\000\040\000V\000a\000r\000i\000a\000b\000l\000e\000\040\000D\000o\000c\000u\000m\000e\000n\000t\000a\000t\000i\000o\000n}{section.5.1}% 12
\BOOKMARK [3][-]{subsubsection.5.1.2.1}{\376\377\0005\000.\0001\000.\0002\000.\0001\000\040\000N\000O\000N\000E}{subsection.5.1.2}% 13
\BOOKMARK [3][-]{subsubsection.5.1.2.2}{\376\377\0005\000.\0001\000.\0002\000.\0002\000\040\000A\000S\000Y\000N\000C}{subsection.5.1.2}% 14
\BOOKMARK [3][-]{subsubsection.5.1.2.3}{\376\377\0005\000.\0001\000.\0002\000.\0003\000\040\000R\000E\000L\000A\000T\000I\000V\000E}{subsection.5.1.2}% 15
\BOOKMARK [3][-]{subsubsection.5.1.2.4}{\376\377\0005\000.\0001\000.\0002\000.\0004\000\040\000T\000H\000R\000U}{subsection.5.1.2}% 16
\BOOKMARK [3][-]{subsubsection.5.1.2.5}{\376\377\0005\000.\0001\000.\0002\000.\0005\000\040\000R\000E\000V\000E\000R\000S\000E}{subsection.5.1.2}% 17
\BOOKMARK [1][-]{section.5.2}{\376\377\0005\000.\0002\000\040\000a\000r\000m\000s\000:\000:\000c\000h\000a\000s\000s\000i\000s\000\040\000N\000a\000m\000e\000s\000p\000a\000c\000e\000\040\000R\000e\000f\000e\000r\000e\000n\000c\000e}{chapter.5}% 18
\BOOKMARK [2][-]{subsection.5.2.1}{\376\377\0005\000.\0002\000.\0001\000\040\000D\000e\000t\000a\000i\000l\000e\000d\000\040\000D\000e\000s\000c\000r\000i\000p\000t\000i\000o\000n}{section.5.2}% 19
\BOOKMARK [2][-]{subsection.5.2.2}{\376\377\0005\000.\0002\000.\0002\000\040\000F\000u\000n\000c\000t\000i\000o\000n\000\040\000D\000o\000c\000u\000m\000e\000n\000t\000a\000t\000i\000o\000n}{section.5.2}% 20
\BOOKMARK [3][-]{subsubsection.5.2.2.1}{\376\377\0005\000.\0002\000.\0002\000.\0001\000\040\000s\000e\000t\000B\000r\000a\000k\000e\000M\000o\000d\000e\000\050\000\051}{subsection.5.2.2}% 21
\BOOKMARK [3][-]{subsubsection.5.2.2.2}{\376\377\0005\000.\0002\000.\0002\000.\0002\000\040\000s\000e\000t\000t\000l\000e\000d\000\050\000\051}{subsection.5.2.2}% 22
\BOOKMARK [3][-]{subsubsection.5.2.2.3}{\376\377\0005\000.\0002\000.\0002\000.\0003\000\040\000w\000a\000i\000t\000U\000n\000t\000i\000l\000F\000i\000n\000i\000s\000h\000e\000d\000\050\000\051}{subsection.5.2.2}% 23
\BOOKMARK [3][-]{subsubsection.5.2.2.4}{\376\377\0005\000.\0002\000.\0002\000.\0004\000\040\000m\000o\000v\000e\000\050\000\051\000\040\000[\0001\000/\0002\000]}{subsection.5.2.2}% 24
\BOOKMARK [3][-]{subsubsection.5.2.2.5}{\376\377\0005\000.\0002\000.\0002\000.\0005\000\040\000m\000o\000v\000e\000\050\000\051\000\040\000[\0002\000/\0002\000]}{subsection.5.2.2}% 25
\BOOKMARK [3][-]{subsubsection.5.2.2.6}{\376\377\0005\000.\0002\000.\0002\000.\0006\000\040\000t\000u\000r\000n\000\050\000\051\000\040\000[\0001\000/\0002\000]}{subsection.5.2.2}% 26
\BOOKMARK [3][-]{subsubsection.5.2.2.7}{\376\377\0005\000.\0002\000.\0002\000.\0007\000\040\000t\000u\000r\000n\000\050\000\051\000\040\000[\0002\000/\0002\000]}{subsection.5.2.2}% 27
\BOOKMARK [3][-]{subsubsection.5.2.2.8}{\376\377\0005\000.\0002\000.\0002\000.\0008\000\040\000t\000a\000n\000k\000\050\000\051}{subsection.5.2.2}% 28
\BOOKMARK [3][-]{subsubsection.5.2.2.9}{\376\377\0005\000.\0002\000.\0002\000.\0009\000\040\000a\000r\000c\000a\000d\000e\000\050\000\051}{subsection.5.2.2}% 29
\BOOKMARK [2][-]{subsection.5.2.3}{\376\377\0005\000.\0002\000.\0003\000\040\000V\000a\000r\000i\000a\000b\000l\000e\000\040\000D\000o\000c\000u\000m\000e\000n\000t\000a\000t\000i\000o\000n}{section.5.2}% 30
\BOOKMARK [3][-]{subsubsection.5.2.3.1}{\376\377\0005\000.\0002\000.\0003\000.\0001\000\040\000m\000a\000x\000S\000p\000e\000e\000d}{subsection.5.2.3}% 31
\BOOKMARK [3][-]{subsubsection.5.2.3.2}{\376\377\0005\000.\0002\000.\0003\000.\0002\000\040\000l\000e\000f\000t\000M\000o\000t\000o\000r\000s}{subsection.5.2.3}% 32
\BOOKMARK [3][-]{subsubsection.5.2.3.3}{\376\377\0005\000.\0002\000.\0003\000.\0003\000\040\000r\000i\000g\000h\000t\000M\000o\000t\000o\000r\000s}{subsection.5.2.3}% 33
\BOOKMARK [1][-]{section.5.3}{\376\377\0005\000.\0003\000\040\000a\000r\000m\000s\000:\000:\000o\000d\000o\000m\000\040\000N\000a\000m\000e\000s\000p\000a\000c\000e\000\040\000R\000e\000f\000e\000r\000e\000n\000c\000e}{chapter.5}% 34
\BOOKMARK [2][-]{subsection.5.3.1}{\376\377\0005\000.\0003\000.\0001\000\040\000D\000e\000t\000a\000i\000l\000e\000d\000\040\000D\000e\000s\000c\000r\000i\000p\000t\000i\000o\000n}{section.5.3}% 35
\BOOKMARK [2][-]{subsection.5.3.2}{\376\377\0005\000.\0003\000.\0002\000\040\000T\000y\000p\000e\000d\000e\000f\000\040\000D\000o\000c\000u\000m\000e\000n\000t\000a\000t\000i\000o\000n}{section.5.3}% 36
\BOOKMARK [3][-]{subsubsection.5.3.2.1}{\376\377\0005\000.\0003\000.\0002\000.\0001\000\040\000E\000n\000c\000o\000d\000e\000r\000T\000y\000p\000e\000\137\000e\000\137\000t}{subsection.5.3.2}% 37
\BOOKMARK [3][-]{subsubsection.5.3.2.2}{\376\377\0005\000.\0003\000.\0002\000.\0002\000\040\000c\000o\000n\000f\000i\000g\000\137\000d\000a\000t\000a\000\137\000s\000\137\000t}{subsection.5.3.2}% 38
\BOOKMARK [2][-]{subsection.5.3.3}{\376\377\0005\000.\0003\000.\0003\000\040\000E\000n\000u\000m\000e\000r\000a\000t\000i\000o\000n\000\040\000T\000y\000p\000e\000\040\000D\000o\000c\000u\000m\000e\000n\000t\000a\000t\000i\000o\000n}{section.5.3}% 39
\BOOKMARK [3][-]{subsubsection.5.3.3.1}{\376\377\0005\000.\0003\000.\0003\000.\0001\000\040\000E\000n\000c\000o\000d\000e\000r\000T\000y\000p\000e}{subsection.5.3.3}% 40
\BOOKMARK [2][-]{subsection.5.3.4}{\376\377\0005\000.\0003\000.\0004\000\040\000F\000u\000n\000c\000t\000i\000o\000n\000\040\000D\000o\000c\000u\000m\000e\000n\000t\000a\000t\000i\000o\000n}{section.5.3}% 41
\BOOKMARK [3][-]{subsubsection.5.3.4.1}{\376\377\0005\000.\0003\000.\0004\000.\0001\000\040\000g\000e\000t\000L\000e\000f\000t\000E\000n\000c\000o\000d\000e\000r\000\050\000\051}{subsection.5.3.4}% 42
\BOOKMARK [3][-]{subsubsection.5.3.4.2}{\376\377\0005\000.\0003\000.\0004\000.\0002\000\040\000g\000e\000t\000R\000i\000g\000h\000t\000E\000n\000c\000o\000d\000e\000r\000\050\000\051}{subsection.5.3.4}% 43
\BOOKMARK [3][-]{subsubsection.5.3.4.3}{\376\377\0005\000.\0003\000.\0004\000.\0003\000\040\000g\000e\000t\000M\000i\000d\000d\000l\000e\000E\000n\000c\000o\000d\000e\000r\000\050\000\051}{subsection.5.3.4}% 44
\BOOKMARK [3][-]{subsubsection.5.3.4.4}{\376\377\0005\000.\0003\000.\0004\000.\0004\000\040\000g\000e\000t\000P\000o\000s\000i\000t\000i\000o\000n\000\050\000\051}{subsection.5.3.4}% 45
\BOOKMARK [3][-]{subsubsection.5.3.4.5}{\376\377\0005\000.\0003\000.\0004\000.\0005\000\040\000g\000e\000t\000H\000e\000a\000d\000i\000n\000g\000\050\000\051}{subsection.5.3.4}% 46
\BOOKMARK [3][-]{subsubsection.5.3.4.6}{\376\377\0005\000.\0003\000.\0004\000.\0006\000\040\000r\000e\000s\000e\000t\000\050\000\051\000\040\000[\0001\000/\0002\000]}{subsection.5.3.4}% 47
\BOOKMARK [3][-]{subsubsection.5.3.4.7}{\376\377\0005\000.\0003\000.\0004\000.\0007\000\040\000r\000e\000s\000e\000t\000\050\000\051\000\040\000[\0002\000/\0002\000]}{subsection.5.3.4}% 48
\BOOKMARK [3][-]{subsubsection.5.3.4.8}{\376\377\0005\000.\0003\000.\0004\000.\0008\000\040\000g\000e\000t\000A\000n\000g\000l\000e\000E\000r\000r\000o\000r\000\050\000\051}{subsection.5.3.4}% 49
\BOOKMARK [3][-]{subsubsection.5.3.4.9}{\376\377\0005\000.\0003\000.\0004\000.\0009\000\040\000g\000e\000t\000D\000i\000s\000t\000a\000n\000c\000e\000E\000r\000r\000o\000r\000\050\000\051}{subsection.5.3.4}% 50
\BOOKMARK [2][-]{subsection.5.3.5}{\376\377\0005\000.\0003\000.\0005\000\040\000V\000a\000r\000i\000a\000b\000l\000e\000\040\000D\000o\000c\000u\000m\000e\000n\000t\000a\000t\000i\000o\000n}{section.5.3}% 51
\BOOKMARK [3][-]{subsubsection.5.3.5.1}{\376\377\0005\000.\0003\000.\0005\000.\0001\000\040\000i\000m\000u}{subsection.5.3.5}% 52
\BOOKMARK [1][-]{section.5.4}{\376\377\0005\000.\0004\000\040\000a\000r\000m\000s\000:\000:\000p\000i\000d\000\040\000N\000a\000m\000e\000s\000p\000a\000c\000e\000\040\000R\000e\000f\000e\000r\000e\000n\000c\000e}{chapter.5}% 53
\BOOKMARK [2][-]{subsection.5.4.1}{\376\377\0005\000.\0004\000.\0001\000\040\000F\000u\000n\000c\000t\000i\000o\000n\000\040\000D\000o\000c\000u\000m\000e\000n\000t\000a\000t\000i\000o\000n}{section.5.4}% 54
\BOOKMARK [3][-]{subsubsection.5.4.1.1}{\376\377\0005\000.\0004\000.\0001\000.\0001\000\040\000t\000r\000a\000n\000s\000l\000a\000t\000i\000o\000n\000a\000l\000\050\000\051}{subsection.5.4.1}% 55
\BOOKMARK [3][-]{subsubsection.5.4.1.2}{\376\377\0005\000.\0004\000.\0001\000.\0002\000\040\000a\000n\000g\000u\000l\000a\000r\000\050\000\051}{subsection.5.4.1}% 56
\BOOKMARK [3][-]{subsubsection.5.4.1.3}{\376\377\0005\000.\0004\000.\0001\000.\0003\000\040\000i\000n\000i\000t\000\050\000\051}{subsection.5.4.1}% 57
\BOOKMARK [2][-]{subsection.5.4.2}{\376\377\0005\000.\0004\000.\0002\000\040\000V\000a\000r\000i\000a\000b\000l\000e\000\040\000D\000o\000c\000u\000m\000e\000n\000t\000a\000t\000i\000o\000n}{section.5.4}% 58
\BOOKMARK [3][-]{subsubsection.5.4.2.1}{\376\377\0005\000.\0004\000.\0002\000.\0001\000\040\000m\000o\000d\000e}{subsection.5.4.2}% 59
\BOOKMARK [3][-]{subsubsection.5.4.2.2}{\376\377\0005\000.\0004\000.\0002\000.\0002\000\040\000l\000i\000n\000e\000a\000r\000K\000P}{subsection.5.4.2}% 60
\BOOKMARK [3][-]{subsubsection.5.4.2.3}{\376\377\0005\000.\0004\000.\0002\000.\0003\000\040\000l\000i\000n\000e\000a\000r\000K\000I}{subsection.5.4.2}% 61
\BOOKMARK [3][-]{subsubsection.5.4.2.4}{\376\377\0005\000.\0004\000.\0002\000.\0004\000\040\000l\000i\000n\000e\000a\000r\000K\000D}{subsection.5.4.2}% 62
\BOOKMARK [3][-]{subsubsection.5.4.2.5}{\376\377\0005\000.\0004\000.\0002\000.\0005\000\040\000a\000n\000g\000u\000l\000a\000r\000K\000P}{subsection.5.4.2}% 63
\BOOKMARK [3][-]{subsubsection.5.4.2.6}{\376\377\0005\000.\0004\000.\0002\000.\0006\000\040\000a\000n\000g\000u\000l\000a\000r\000K\000I}{subsection.5.4.2}% 64
\BOOKMARK [3][-]{subsubsection.5.4.2.7}{\376\377\0005\000.\0004\000.\0002\000.\0007\000\040\000a\000n\000g\000u\000l\000a\000r\000K\000D}{subsection.5.4.2}% 65
\BOOKMARK [3][-]{subsubsection.5.4.2.8}{\376\377\0005\000.\0004\000.\0002\000.\0008\000\040\000t\000r\000a\000c\000k\000i\000n\000g\000K\000P}{subsection.5.4.2}% 66
\BOOKMARK [3][-]{subsubsection.5.4.2.9}{\376\377\0005\000.\0004\000.\0002\000.\0009\000\040\000m\000i\000n\000E\000r\000r\000o\000r}{subsection.5.4.2}% 67
\BOOKMARK [3][-]{subsubsection.5.4.2.10}{\376\377\0005\000.\0004\000.\0002\000.\0001\0000\000\040\000i\000n\000\137\000l\000i\000n}{subsection.5.4.2}% 68
\BOOKMARK [3][-]{subsubsection.5.4.2.11}{\376\377\0005\000.\0004\000.\0002\000.\0001\0001\000\040\000i\000n\000\137\000a\000n\000g}{subsection.5.4.2}% 69
\BOOKMARK [3][-]{subsubsection.5.4.2.12}{\376\377\0005\000.\0004\000.\0002\000.\0001\0002\000\040\000a\000n\000g\000u\000l\000a\000r\000T\000a\000r\000g\000e\000t}{subsection.5.4.2}% 70
\BOOKMARK [3][-]{subsubsection.5.4.2.13}{\376\377\0005\000.\0004\000.\0002\000.\0001\0003\000\040\000p\000o\000i\000n\000t\000T\000a\000r\000g\000e\000t}{subsection.5.4.2}% 71
\BOOKMARK [3][-]{subsubsection.5.4.2.14}{\376\377\0005\000.\0004\000.\0002\000.\0001\0004\000\040\000t\000h\000r\000u}{subsection.5.4.2}% 72
\BOOKMARK [3][-]{subsubsection.5.4.2.15}{\376\377\0005\000.\0004\000.\0002\000.\0001\0005\000\040\000r\000e\000v\000e\000r\000s\000e}{subsection.5.4.2}% 73
\BOOKMARK [3][-]{subsubsection.5.4.2.16}{\376\377\0005\000.\0004\000.\0002\000.\0001\0006\000\040\000c\000a\000n\000R\000e\000v\000e\000r\000s\000e}{subsection.5.4.2}% 74
\BOOKMARK [1][-]{section.5.5}{\376\377\0005\000.\0005\000\040\000a\000r\000m\000s\000:\000:\000s\000e\000l\000e\000c\000t\000o\000r\000\040\000N\000a\000m\000e\000s\000p\000a\000c\000e\000\040\000R\000e\000f\000e\000r\000e\000n\000c\000e}{chapter.5}% 75
\BOOKMARK [2][-]{subsection.5.5.1}{\376\377\0005\000.\0005\000.\0001\000\040\000D\000e\000t\000a\000i\000l\000e\000d\000\040\000D\000e\000s\000c\000r\000i\000p\000t\000i\000o\000n}{section.5.5}% 76
\BOOKMARK [2][-]{subsection.5.5.2}{\376\377\0005\000.\0005\000.\0002\000\040\000V\000a\000r\000i\000a\000b\000l\000e\000\040\000D\000o\000c\000u\000m\000e\000n\000t\000a\000t\000i\000o\000n}{section.5.5}% 77
\BOOKMARK [3][-]{subsubsection.5.5.2.1}{\376\377\0005\000.\0005\000.\0002\000.\0001\000\040\000a\000u\000t\000o\000n}{subsection.5.5.2}% 78
\BOOKMARK [0][-]{chapter.6}{\376\377\0006\000\040\000C\000l\000a\000s\000s\000\040\000D\000o\000c\000u\000m\000e\000n\000t\000a\000t\000i\000o\000n}{}% 79
\BOOKMARK [1][-]{section.6.1}{\376\377\0006\000.\0001\000\040\000a\000r\000m\000s\000:\000:\000o\000d\000o\000m\000:\000:\000c\000o\000n\000f\000i\000g\000\137\000d\000a\000t\000a\000\137\000s\000\040\000S\000t\000r\000u\000c\000t\000\040\000R\000e\000f\000e\000r\000e\000n\000c\000e}{chapter.6}% 80
\BOOKMARK [2][-]{subsection.6.1.1}{\376\377\0006\000.\0001\000.\0001\000\040\000D\000e\000t\000a\000i\000l\000e\000d\000\040\000D\000e\000s\000c\000r\000i\000p\000t\000i\000o\000n}{section.6.1}% 81
\BOOKMARK [2][-]{subsection.6.1.2}{\376\377\0006\000.\0001\000.\0002\000\040\000M\000e\000m\000b\000e\000r\000\040\000D\000a\000t\000a\000\040\000D\000o\000c\000u\000m\000e\000n\000t\000a\000t\000i\000o\000n}{section.6.1}% 82
\BOOKMARK [3][-]{subsubsection.6.1.2.1}{\376\377\0006\000.\0001\000.\0002\000.\0001\000\040\000e\000x\000p\000a\000n\000d\000e\000r\000P\000o\000r\000t}{subsection.6.1.2}% 83
\BOOKMARK [3][-]{subsubsection.6.1.2.2}{\376\377\0006\000.\0001\000.\0002\000.\0002\000\040\000r\000i\000g\000h\000t\000E\000n\000c\000o\000d\000e\000r\000P\000o\000r\000t}{subsection.6.1.2}% 84
\BOOKMARK [3][-]{subsubsection.6.1.2.3}{\376\377\0006\000.\0001\000.\0002\000.\0003\000\040\000l\000e\000f\000t\000E\000n\000c\000o\000d\000e\000r\000P\000o\000r\000t}{subsection.6.1.2}% 85
\BOOKMARK [3][-]{subsubsection.6.1.2.4}{\376\377\0006\000.\0001\000.\0002\000.\0004\000\040\000m\000i\000d\000d\000l\000e\000E\000n\000c\000o\000d\000e\000r\000P\000o\000r\000t}{subsection.6.1.2}% 86
\BOOKMARK [3][-]{subsubsection.6.1.2.5}{\376\377\0006\000.\0001\000.\0002\000.\0005\000\040\000i\000m\000u\000P\000o\000r\000t}{subsection.6.1.2}% 87
\BOOKMARK [3][-]{subsubsection.6.1.2.6}{\376\377\0006\000.\0001\000.\0002\000.\0006\000\040\000e\000n\000c\000o\000d\000e\000r\000T\000y\000p\000e}{subsection.6.1.2}% 88
\BOOKMARK [1][-]{section.6.2}{\376\377\0006\000.\0002\000\040\000a\000r\000m\000s\000:\000:\000M\000o\000v\000e\000F\000l\000a\000g\000s\000\040\000S\000t\000r\000u\000c\000t\000\040\000R\000e\000f\000e\000r\000e\000n\000c\000e}{chapter.6}% 89
\BOOKMARK [2][-]{subsection.6.2.1}{\376\377\0006\000.\0002\000.\0001\000\040\000D\000e\000t\000a\000i\000l\000e\000d\000\040\000D\000e\000s\000c\000r\000i\000p\000t\000i\000o\000n}{section.6.2}% 90
\BOOKMARK [2][-]{subsection.6.2.2}{\376\377\0006\000.\0002\000.\0002\000\040\000M\000e\000m\000b\000e\000r\000\040\000D\000a\000t\000a\000\040\000D\000o\000c\000u\000m\000e\000n\000t\0